<?xml version="1.0" encoding="UTF-8"?>
<!-- Generated by org.testng.reporters.JUnitReportReporter -->
<testsuite hostname="Geetikas-MacBook-Air.local" failures="0" tests="1" name="com.MavenTemplates.Automate.BeautySwipe" time="8.257" errors="0" timestamp="9 Mar 2020 13:07:37 GMT">
  <testcase classname="com.MavenTemplates.Automate.BeautySwipe" name="test" time="8.257"/>
</testsuite> <!-- com.MavenTemplates.Automate.BeautySwipe -->
