<?xml version="1.0" encoding="UTF-8"?>
<!-- Generated by org.testng.reporters.JUnitReportReporter -->
<testsuite hostname="Geetikas-MacBook-Air.local" failures="0" tests="1" name="com.MavenTemplates.Automate.AdventCalendar" time="5.033" errors="0" timestamp="9 Mar 2020 13:07:37 GMT">
  <testcase classname="com.MavenTemplates.Automate.AdventCalendar" name="test" time="5.033"/>
</testsuite> <!-- com.MavenTemplates.Automate.AdventCalendar -->
